[debug] ----------------------------------------------------------------------
[debug] Command:      /usr/bin/nodejs /usr/bin/firebase deploy
[debug] CLI Version:  3.2.1
[debug] Platform:     linux
[debug] Node Version: v6.9.2
[debug] Time:         Wed Jan 11 2017 04:23:29 GMT+0530 (IST)
[debug] ----------------------------------------------------------------------
[debug] 
[debug] > command requires scopes: ["email","openid","https://www.googleapis.com/auth/cloudplatformprojects.readonly","https://www.googleapis.com/auth/firebase"]
[debug] >>> HTTP REQUEST GET https://admin.firebase.com/v1/projects/reach-albert 
[debug] <<< HTTP RESPONSE 200
[debug] >>> HTTP REQUEST GET https://admin.firebase.com/v1/database/reach-albert/tokens 
[debug] <<< HTTP RESPONSE 200
[info] 
[info] === Deploying to 'reach-albert'...
[info] 
[info] i  deploying database, hosting
[info] ✔  database: rules ready to deploy.
[info] i  hosting: preparing public directory for upload...
[debug] >>> HTTP REQUEST PUT https://deploy.firebase.com/v1/hosting/reach-albert/uploads/-Ka9_YnKtH3CuPawDM6S?fileCount=74&message= 
[debug] Error: socket hang up
    at createHangUpError (_http_client.js:254:15)
    at TLSSocket.socketOnEnd (_http_client.js:346:23)
    at emitNone (events.js:91:20)
    at TLSSocket.emit (events.js:185:7)
    at endReadableNT (_stream_readable.js:974:12)
    at _combinedTickCallback (internal/process/next_tick.js:74:11)
    at process._tickCallback (internal/process/next_tick.js:98:9)
[error] 
[error] Error: Server Error. socket hang up
[debug] ----------------------------------------------------------------------
[debug] Command:      /usr/bin/nodejs /usr/bin/firebase deploy
[debug] CLI Version:  3.2.1
[debug] Platform:     linux
[debug] Node Version: v6.9.2
[debug] Time:         Wed Jan 11 2017 05:01:53 GMT+0530 (IST)
[debug] ----------------------------------------------------------------------
[debug] 
[debug] > command requires scopes: ["email","openid","https://www.googleapis.com/auth/cloudplatformprojects.readonly","https://www.googleapis.com/auth/firebase"]
[debug] > refreshing access token with scopes: ["email","https://www.googleapis.com/auth/cloudplatformprojects.readonly","https://www.googleapis.com/auth/firebase","openid"]
[debug] >>> HTTP REQUEST POST https://www.googleapis.com/oauth2/v3/token
[debug] <<< HTTP RESPONSE 200
[debug] >>> HTTP REQUEST GET https://admin.firebase.com/v1/projects/reach-albert 
[debug] <<< HTTP RESPONSE 200
[debug] >>> HTTP REQUEST GET https://admin.firebase.com/v1/database/reach-albert/tokens 
[debug] <<< HTTP RESPONSE 200
[info] 
[info] === Deploying to 'reach-albert'...
[info] 
[info] i  deploying database, hosting
[info] ✔  database: rules ready to deploy.
[info] i  hosting: preparing public directory for upload...
[debug] >>> HTTP REQUEST PUT https://deploy.firebase.com/v1/hosting/reach-albert/uploads/-Ka9iLAKDAUf-4r6Isko?fileCount=74&message= 
